[2018-10-26 20:54:36.121] [exthost1] [info] extension host started
[2018-10-26 20:54:36.213] [exthost1] [info] ExtensionService#_doActivateExtension vscode.debug-auto-launch {"startup":true,"activationEvent":"*"}
[2018-10-26 20:54:36.213] [exthost1] [info] ExtensionService#loadCommonJSModule c:\Users\x004104\.codemix\engine\resources\app\extensions\debug-auto-launch\out\extension
[2018-10-26 20:54:36.316] [exthost1] [info] ExtensionService#_doActivateExtension vscode.emmet {"startup":true,"activationEvent":"*"}
[2018-10-26 20:54:36.316] [exthost1] [info] ExtensionService#loadCommonJSModule c:\Users\x004104\.codemix\engine\resources\app\extensions\emmet\dist\extension
[2018-10-26 20:54:36.696] [exthost1] [info] ExtensionService#_doActivateExtension vscode.merge-conflict {"startup":true,"activationEvent":"*"}
[2018-10-26 20:54:36.696] [exthost1] [info] ExtensionService#loadCommonJSModule c:\Users\x004104\.codemix\engine\resources\app\extensions\merge-conflict\out\extension
[2018-10-26 20:54:36.852] [exthost1] [info] ExtensionService#_doActivateExtension vscode.search-rg {"startup":true,"activationEvent":"*"}
[2018-10-26 20:54:36.852] [exthost1] [info] ExtensionService#loadCommonJSModule c:\Users\x004104\.codemix\engine\resources\app\extensions\search-rg\out\extension
[2018-10-26 20:54:37.322] [exthost1] [info] ExtensionService#_doActivateExtension christian-kohler.path-intellisense {"startup":true,"activationEvent":"*"}
[2018-10-26 20:54:37.323] [exthost1] [info] ExtensionService#loadCommonJSModule C:\Users\x004104\.vscode\extensions\christian-kohler.path-intellisense-1.4.2\out\src\extension
[2018-10-26 20:54:38.196] [exthost1] [info] ExtensionService#_doActivateExtension dbaeumer.vscode-eslint {"startup":true,"activationEvent":"*"}
[2018-10-26 20:54:38.196] [exthost1] [info] ExtensionService#loadCommonJSModule C:\Users\x004104\.vscode\extensions\dbaeumer.vscode-eslint-1.4.10\client\out\extension
[2018-10-26 20:54:38.573] [exthost1] [info] ExtensionService#_doActivateExtension formulahendry.auto-close-tag {"startup":true,"activationEvent":"*"}
[2018-10-26 20:54:38.573] [exthost1] [info] ExtensionService#loadCommonJSModule C:\Users\x004104\.vscode\extensions\formulahendry.auto-close-tag-0.5.6\out\src\extension
[2018-10-26 20:54:38.587] [exthost1] [info] ExtensionService#_doActivateExtension HookyQR.beautify {"startup":true,"activationEvent":"*"}
[2018-10-26 20:54:38.587] [exthost1] [info] ExtensionService#loadCommonJSModule C:\Users\x004104\.vscode\extensions\hookyqr.beautify-1.3.0\extension
[2018-10-26 20:54:38.767] [exthost1] [info] ExtensionService#_doActivateExtension Zignd.html-css-class-completion {"startup":true,"activationEvent":"*"}
[2018-10-26 20:54:38.767] [exthost1] [info] ExtensionService#loadCommonJSModule C:\Users\x004104\.vscode\extensions\zignd.html-css-class-completion-1.17.1\out\src\extension
[2018-10-26 20:54:41.878] [exthost1] [info] eager extensions activated
[2018-10-26 20:54:41.885] [exthost1] [info] ExtensionService#_doActivateExtension vscode.configuration-editing {"startup":false,"activationEvent":"onLanguage:jsonc"}
[2018-10-26 20:54:41.885] [exthost1] [info] ExtensionService#loadCommonJSModule c:\Users\x004104\.codemix\engine\resources\app\extensions\configuration-editing\out\extension
[2018-10-26 20:54:41.956] [exthost1] [info] ExtensionService#_doActivateExtension vscode.json-language-features {"startup":false,"activationEvent":"onLanguage:jsonc"}
[2018-10-26 20:54:41.956] [exthost1] [info] ExtensionService#loadCommonJSModule c:\Users\x004104\.codemix\engine\resources\app\extensions\json-language-features\client\dist\jsonMain
[2018-10-26 20:54:42.678] [exthost1] [info] ExtensionService#_doActivateExtension vscode.typescript-language-features {"startup":false,"activationEvent":"onLanguage:jsonc"}
[2018-10-26 20:54:42.678] [exthost1] [info] ExtensionService#loadCommonJSModule c:\Users\x004104\.codemix\engine\resources\app\extensions\typescript-language-features\dist\extension
[2018-10-26 20:54:43.331] [exthost1] [info] ExtensionService#_doActivateExtension vscode.grunt {"startup":false,"activationEvent":"onCommand:workbench.action.tasks.runTask"}
[2018-10-26 20:54:43.331] [exthost1] [info] ExtensionService#loadCommonJSModule c:\Users\x004104\.codemix\engine\resources\app\extensions\grunt\out\main
[2018-10-26 20:54:43.373] [exthost1] [info] ExtensionService#_doActivateExtension vscode.gulp {"startup":false,"activationEvent":"onCommand:workbench.action.tasks.runTask"}
[2018-10-26 20:54:43.373] [exthost1] [info] ExtensionService#loadCommonJSModule c:\Users\x004104\.codemix\engine\resources\app\extensions\gulp\out\main
[2018-10-26 20:54:43.415] [exthost1] [info] ExtensionService#_doActivateExtension vscode.jake {"startup":false,"activationEvent":"onCommand:workbench.action.tasks.runTask"}
[2018-10-26 20:54:43.415] [exthost1] [info] ExtensionService#loadCommonJSModule c:\Users\x004104\.codemix\engine\resources\app\extensions\jake\out\main
[2018-10-26 20:54:43.451] [exthost1] [info] ExtensionService#_doActivateExtension vscode.npm {"startup":false,"activationEvent":"onCommand:workbench.action.tasks.runTask"}
[2018-10-26 20:54:43.451] [exthost1] [info] ExtensionService#loadCommonJSModule c:\Users\x004104\.codemix\engine\resources\app\extensions\npm\out\main
[2018-10-26 20:55:07.510] [exthost1] [info] extension host started
[2018-10-26 20:55:07.629] [exthost1] [info] ExtensionService#_doActivateExtension vscode.debug-auto-launch {"startup":true,"activationEvent":"*"}
[2018-10-26 20:55:07.630] [exthost1] [info] ExtensionService#loadCommonJSModule c:\Users\x004104\.codemix\engine\resources\app\extensions\debug-auto-launch\out\extension
[2018-10-26 20:55:07.681] [exthost1] [info] ExtensionService#_doActivateExtension vscode.emmet {"startup":true,"activationEvent":"*"}
[2018-10-26 20:55:07.681] [exthost1] [info] ExtensionService#loadCommonJSModule c:\Users\x004104\.codemix\engine\resources\app\extensions\emmet\dist\extension
[2018-10-26 20:55:07.782] [exthost1] [info] ExtensionService#_doActivateExtension vscode.merge-conflict {"startup":true,"activationEvent":"*"}
[2018-10-26 20:55:07.782] [exthost1] [info] ExtensionService#loadCommonJSModule c:\Users\x004104\.codemix\engine\resources\app\extensions\merge-conflict\out\extension
[2018-10-26 20:55:07.852] [exthost1] [info] ExtensionService#_doActivateExtension vscode.search-rg {"startup":true,"activationEvent":"*"}
[2018-10-26 20:55:07.852] [exthost1] [info] ExtensionService#loadCommonJSModule c:\Users\x004104\.codemix\engine\resources\app\extensions\search-rg\out\extension
[2018-10-26 20:55:07.892] [exthost1] [info] ExtensionService#_doActivateExtension christian-kohler.path-intellisense {"startup":true,"activationEvent":"*"}
[2018-10-26 20:55:07.892] [exthost1] [info] ExtensionService#loadCommonJSModule C:\Users\x004104\.vscode\extensions\christian-kohler.path-intellisense-1.4.2\out\src\extension
[2018-10-26 20:55:07.983] [exthost1] [info] ExtensionService#_doActivateExtension dbaeumer.vscode-eslint {"startup":true,"activationEvent":"*"}
[2018-10-26 20:55:07.983] [exthost1] [info] ExtensionService#loadCommonJSModule C:\Users\x004104\.vscode\extensions\dbaeumer.vscode-eslint-1.4.10\client\out\extension
[2018-10-26 20:55:08.285] [exthost1] [info] ExtensionService#_doActivateExtension formulahendry.auto-close-tag {"startup":true,"activationEvent":"*"}
[2018-10-26 20:55:08.285] [exthost1] [info] ExtensionService#loadCommonJSModule C:\Users\x004104\.vscode\extensions\formulahendry.auto-close-tag-0.5.6\out\src\extension
[2018-10-26 20:55:08.296] [exthost1] [info] ExtensionService#_doActivateExtension HookyQR.beautify {"startup":true,"activationEvent":"*"}
[2018-10-26 20:55:08.296] [exthost1] [info] ExtensionService#loadCommonJSModule C:\Users\x004104\.vscode\extensions\hookyqr.beautify-1.3.0\extension
[2018-10-26 20:55:08.444] [exthost1] [info] ExtensionService#_doActivateExtension Zignd.html-css-class-completion {"startup":true,"activationEvent":"*"}
[2018-10-26 20:55:08.444] [exthost1] [info] ExtensionService#loadCommonJSModule C:\Users\x004104\.vscode\extensions\zignd.html-css-class-completion-1.17.1\out\src\extension
[2018-10-26 20:55:10.549] [exthost1] [info] eager extensions activated
